<?xml version="1.0" encoding="UTF-8"?>
<testng-results ignored="0" total="1" passed="1" failed="0" skipped="0">
  <reporter-output>
  </reporter-output>
  <suite started-at="2024-06-22T22:01:26 IST" name="Suite" finished-at="2024-06-22T22:01:37 IST" duration-ms="11200">
    <groups>
    </groups>
    <test started-at="2024-06-22T22:01:26 IST" name="Test" finished-at="2024-06-22T22:01:37 IST" duration-ms="11200">
      <class name="testRunner.SlideTeam_Login_TC_1">
        <test-method is-config="true" signature="initializeDriver()[pri:0, instance:testRunner.SlideTeam_Login_TC_1@13e39c73]" started-at="2024-06-22T22:01:26 IST" name="initializeDriver" finished-at="2024-06-22T22:01:30 IST" duration-ms="4231" status="PASS">
          <reporter-output>
          </reporter-output>
        </test-method> <!-- initializeDriver -->
        <test-method signature="ST_TC_1(java.lang.String,java.lang.String)[pri:0, instance:testRunner.SlideTeam_Login_TC_1@13e39c73]" started-at="2024-06-22T22:01:30 IST" name="ST_TC_1" data-provider="data" finished-at="2024-06-22T22:01:37 IST" duration-ms="6647" status="PASS">
          <params>
            <param index="0">
              <value>
                <![CDATA[testuser27thapril@gmail.com]]>
              </value>
            </param>
            <param index="1">
              <value>
                <![CDATA[123456]]>
              </value>
            </param>
          </params>
          <reporter-output>
          </reporter-output>
        </test-method> <!-- ST_TC_1 -->
        <test-method is-config="true" signature="tearDown()[pri:0, instance:testRunner.SlideTeam_Login_TC_1@13e39c73]" started-at="2024-06-22T22:01:37 IST" name="tearDown" finished-at="2024-06-22T22:01:37 IST" duration-ms="260" status="PASS">
          <reporter-output>
          </reporter-output>
        </test-method> <!-- tearDown -->
      </class> <!-- testRunner.SlideTeam_Login_TC_1 -->
    </test> <!-- Test -->
  </suite> <!-- Suite -->
</testng-results>
