-------------------------------------------------------------------------------
Test set: TestSuite
-------------------------------------------------------------------------------
Tests run: 2, Failures: 1, Errors: 0, Skipped: 0, Time elapsed: 15.931 s <<< FAILURE! - in TestSuite
ST_TC_1(testRunner.SlideTeam_Login_TC_1)  Time elapsed: 3.624 s  <<< FAILURE!
java.lang.AssertionError: expected [Pricing] but found [Customer Login]
	at testRunner.SlideTeam_Login_TC_1.ST_TC_1(SlideTeam_Login_TC_1.java:27)

